<?xml version="1.0" encoding="UTF-8"?>
<testsuite xmlns:xsi="http://www.w3.org/2001/XMLSchema-instance" xsi:noNamespaceSchemaLocation="https://maven.apache.org/surefire/maven-surefire-plugin/xsd/surefire-test-report.xsd" version="3.0.2" name="com.gameapp.integration.GameAppIntegrationTest" time="5.821" tests="17" errors="0" skipped="0" failures="0">
  <properties>
[...]
</properties>
  <testcase name="integrationTest_Root_RedirectsToLogin" classname="com.gameapp.integration.GameAppIntegrationTest" time="0.191">
    <system-out><![CDATA[2026-07-14T19:13:15.287+05:30  INFO 21044 --- [GameApp] [           main] t.c.s.AnnotationConfigContextLoaderUtils : Could not detect default configuration classes for test class [com.gameapp.integration.GameAppIntegrationTest]: GameAppIntegrationTest does not declare any static, non-private, non-final, nested classes annotated with @Configuration.
2026-07-14T19:13:15.308+05:30  INFO 21044 --- [GameApp] [           main] .b.t.c.SpringBootTestContextBootstrapper : Found @SpringBootConfiguration com.gameapp.GameAppApplication for test class com.gameapp.integration.GameAppIntegrationTest

  .   ____          _            __ _ _
 /\\ / ___'_ __ _ _(_)_ __  __ _ \ \ \ \
( ( )\___ | '_ | '_| | '_ \/ _` | \ \ \ \
 \\/  ___)| |_)| | | | | || (_| |  ) ) ) )
  '  |____| .__|_| |_|_| |_\__, | / / / /
 =========|_|==============|___/=/_/_/_/

 :: Spring Boot ::                (v3.5.3)

2026-07-14T19:13:15.357+05:30  INFO 21044 --- [GameApp] [           main] c.g.integration.GameAppIntegrationTest   : Starting GameAppIntegrationTest using Java 25.0.3 with PID 21044 (started by Dell in C:\github\devops-snake-game)
2026-07-14T19:13:15.357+05:30 DEBUG 21044 --- [GameApp] [           main] c.g.integration.GameAppIntegrationTest   : Running with Spring Boot v3.5.3, Spring v6.2.8
2026-07-14T19:13:15.357+05:30  INFO 21044 --- [GameApp] [           main] c.g.integration.GameAppIntegrationTest   : The following 1 profile is active: "test"
2026-07-14T19:13:15.528+05:30  INFO 21044 --- [GameApp] [           main] .s.d.r.c.RepositoryConfigurationDelegate : Bootstrapping Spring Data JPA repositories in DEFAULT mode.
2026-07-14T19:13:15.538+05:30  INFO 21044 --- [GameApp] [           main] .s.d.r.c.RepositoryConfigurationDelegate : Finished Spring Data repository scanning in 8 ms. Found 1 JPA repository interface.
2026-07-14T19:13:15.614+05:30  INFO 21044 --- [GameApp] [           main] o.hibernate.jpa.internal.util.LogHelper  : HHH000204: Processing PersistenceUnitInfo [name: default]
2026-07-14T19:13:15.617+05:30  INFO 21044 --- [GameApp] [           main] o.h.c.internal.RegionFactoryInitiator    : HHH000026: Second-level cache disabled
2026-07-14T19:13:15.627+05:30  INFO 21044 --- [GameApp] [           main] o.s.o.j.p.SpringPersistenceUnitInfo      : No LoadTimeWeaver setup: ignoring JPA class transformer
2026-07-14T19:13:15.628+05:30  INFO 21044 --- [GameApp] [           main] com.zaxxer.hikari.HikariDataSource       : HikariPool-2 - Starting...
2026-07-14T19:13:15.629+05:30  INFO 21044 --- [GameApp] [           main] com.zaxxer.hikari.pool.HikariPool        : HikariPool-2 - Added connection conn2: url=jdbc:h2:mem:testdb user=SA
2026-07-14T19:13:15.629+05:30  INFO 21044 --- [GameApp] [           main] com.zaxxer.hikari.HikariDataSource       : HikariPool-2 - Start completed.
2026-07-14T19:13:15.630+05:30  WARN 21044 --- [GameApp] [           main] org.hibernate.orm.deprecation            : HHH90000025: H2Dialect does not need to be specified explicitly using 'hibernate.dialect' (remove the property setting and it will be selected by default)
2026-07-14T19:13:15.630+05:30  INFO 21044 --- [GameApp] [           main] org.hibernate.orm.connections.pooling    : HHH10001005: Database info:
	Database JDBC URL [Connecting through datasource 'HikariDataSource (HikariPool-2)']
	Database driver: undefined/unknown
	Database version: 2.3.232
	Autocommit mode: undefined/unknown
	Isolation level: undefined/unknown
	Minimum pool size: undefined/unknown
	Maximum pool size: undefined/unknown
2026-07-14T19:13:15.664+05:30  INFO 21044 --- [GameApp] [           main] o.h.e.t.j.p.i.JtaPlatformInitiator       : HHH000489: No JTA platform available (set 'hibernate.transaction.jta.platform' to enable JTA platform integration)
Hibernate: 
    drop table if exists users cascade 
Hibernate: 
    create table users (
        created_at timestamp(6),
        id bigint generated by default as identity,
        last_login timestamp(6),
        first_name varchar(50),
        last_name varchar(50),
        username varchar(50) not null unique,
        email varchar(100) not null unique,
        password varchar(255) not null,
        primary key (id)
    )
2026-07-14T19:13:15.669+05:30  INFO 21044 --- [GameApp] [           main] j.LocalContainerEntityManagerFactoryBean : Initialized JPA EntityManagerFactory for persistence unit 'default'
2026-07-14T19:13:15.709+05:30  WARN 21044 --- [GameApp] [           main] JpaBaseConfiguration$JpaWebConfiguration : spring.jpa.open-in-view is enabled by default. Therefore, database queries may be performed during view rendering. Explicitly configure spring.jpa.open-in-view to disable this warning
2026-07-14T19:13:15.764+05:30  INFO 21044 --- [GameApp] [           main] r$InitializeUserDetailsManagerConfigurer : Global AuthenticationManager configured with UserDetailsService bean with name userService
2026-07-14T19:13:15.794+05:30 DEBUG 21044 --- [GameApp] [           main] o.s.s.web.DefaultSecurityFilterChain     : Will secure any request with filters: DisableEncodeUrlFilter, WebAsyncManagerIntegrationFilter, SecurityContextHolderFilter, HeaderWriterFilter, CsrfFilter, LogoutFilter, UsernamePasswordAuthenticationFilter, ConcurrentSessionFilter, RequestCacheAwareFilter, SecurityContextHolderAwareRequestFilter, AnonymousAuthenticationFilter, SessionManagementFilter, ExceptionTranslationFilter, AuthorizationFilter
2026-07-14T19:13:15.897+05:30  INFO 21044 --- [GameApp] [           main] o.s.b.a.h2.H2ConsoleAutoConfiguration    : H2 console available at '/h2-console'. Database available at 'jdbc:h2:mem:testdb'
2026-07-14T19:13:15.915+05:30  INFO 21044 --- [GameApp] [           main] o.s.b.t.m.w.SpringBootMockServletContext : Initializing Spring TestDispatcherServlet ''
2026-07-14T19:13:15.915+05:30  INFO 21044 --- [GameApp] [           main] o.s.t.web.servlet.TestDispatcherServlet  : Initializing Servlet ''
2026-07-14T19:13:15.916+05:30  INFO 21044 --- [GameApp] [           main] o.s.t.web.servlet.TestDispatcherServlet  : Completed initialization in 1 ms
2026-07-14T19:13:15.922+05:30  INFO 21044 --- [GameApp] [           main] c.g.integration.GameAppIntegrationTest   : Started GameAppIntegrationTest in 0.606 seconds (process running for 12.174)
Hibernate: 
    select
        u1_0.id,
        u1_0.created_at,
        u1_0.email,
        u1_0.first_name,
        u1_0.last_login,
        u1_0.last_name,
        u1_0.password,
        u1_0.username 
    from
        users u1_0
2026-07-14T19:13:16.110+05:30 DEBUG 21044 --- [GameApp] [           main] o.s.security.web.FilterChainProxy        : Securing GET /
2026-07-14T19:13:16.110+05:30 DEBUG 21044 --- [GameApp] [           main] o.s.s.w.a.AnonymousAuthenticationFilter  : Set SecurityContextHolder to anonymous SecurityContext
2026-07-14T19:13:16.110+05:30 DEBUG 21044 --- [GameApp] [           main] o.s.security.web.FilterChainProxy        : Secured GET /
]]></system-out>
  </testcase>
  <testcase name="integrationTest_MultipleUsers_PersistIndependently" classname="com.gameapp.integration.GameAppIntegrationTest" time="1.171">
    <system-out><![CDATA[Hibernate: 
    select
        u1_0.id,
        u1_0.created_at,
        u1_0.email,
        u1_0.first_name,
        u1_0.last_login,
        u1_0.last_name,
        u1_0.password,
        u1_0.username 
    from
        users u1_0
Hibernate: 
    select
        u1_0.id 
    from
        users u1_0 
    where
        u1_0.username=? 
    fetch
        first ? rows only
Hibernate: 
    select
        u1_0.id 
    from
        users u1_0 
    where
        u1_0.email=? 
    fetch
        first ? rows only
Hibernate: 
    insert 
    into
        users
        (created_at, email, first_name, last_login, last_name, password, username, id) 
    values
        (?, ?, ?, ?, ?, ?, ?, default)
2026-07-14T19:13:16.531+05:30  INFO 21044 --- [GameApp] [           main] com.gameapp.service.UserService          : Registered new user 'user1'
Hibernate: 
    select
        u1_0.id 
    from
        users u1_0 
    where
        u1_0.username=? 
    fetch
        first ? rows only
Hibernate: 
    select
        u1_0.id 
    from
        users u1_0 
    where
        u1_0.email=? 
    fetch
        first ? rows only
Hibernate: 
    insert 
    into
        users
        (created_at, email, first_name, last_login, last_name, password, username, id) 
    values
        (?, ?, ?, ?, ?, ?, ?, default)
2026-07-14T19:13:16.834+05:30  INFO 21044 --- [GameApp] [           main] com.gameapp.service.UserService          : Registered new user 'user2'
Hibernate: 
    select
        u1_0.id 
    from
        users u1_0 
    where
        u1_0.username=? 
    fetch
        first ? rows only
Hibernate: 
    select
        u1_0.id 
    from
        users u1_0 
    where
        u1_0.email=? 
    fetch
        first ? rows only
Hibernate: 
    insert 
    into
        users
        (created_at, email, first_name, last_login, last_name, password, username, id) 
    values
        (?, ?, ?, ?, ?, ?, ?, default)
2026-07-14T19:13:17.116+05:30  INFO 21044 --- [GameApp] [           main] com.gameapp.service.UserService          : Registered new user 'user3'
Hibernate: 
    select
        count(*) 
    from
        users u1_0
Hibernate: 
    select
        u1_0.id 
    from
        users u1_0 
    where
        u1_0.username=? 
    fetch
        first ? rows only
Hibernate: 
    select
        u1_0.id 
    from
        users u1_0 
    where
        u1_0.username=? 
    fetch
        first ? rows only
Hibernate: 
    select
        u1_0.id 
    from
        users u1_0 
    where
        u1_0.username=? 
    fetch
        first ? rows only
]]></system-out>
  </testcase>
  <testcase name="integrationTest_Login_Success_RedirectsToDashboard" classname="com.gameapp.integration.GameAppIntegrationTest" time="0.908">
    <system-out><![CDATA[Hibernate: 
    select
        u1_0.id,
        u1_0.created_at,
        u1_0.email,
        u1_0.first_name,
        u1_0.last_login,
        u1_0.last_name,
        u1_0.password,
        u1_0.username 
    from
        users u1_0
Hibernate: 
    delete 
    from
        users 
    where
        id=?
Hibernate: 
    delete 
    from
        users 
    where
        id=?
Hibernate: 
    delete 
    from
        users 
    where
        id=?
Hibernate: 
    select
        u1_0.id 
    from
        users u1_0 
    where
        u1_0.username=? 
    fetch
        first ? rows only
Hibernate: 
    select
        u1_0.id 
    from
        users u1_0 
    where
        u1_0.email=? 
    fetch
        first ? rows only
Hibernate: 
    insert 
    into
        users
        (created_at, email, first_name, last_login, last_name, password, username, id) 
    values
        (?, ?, ?, ?, ?, ?, ?, default)
2026-07-14T19:13:17.566+05:30  INFO 21044 --- [GameApp] [           main] com.gameapp.service.UserService          : Registered new user 'loginuser'
2026-07-14T19:13:17.572+05:30 DEBUG 21044 --- [GameApp] [           main] o.s.security.web.FilterChainProxy        : Securing POST /login
Hibernate: 
    select
        u1_0.id,
        u1_0.created_at,
        u1_0.email,
        u1_0.first_name,
        u1_0.last_login,
        u1_0.last_name,
        u1_0.password,
        u1_0.username 
    from
        users u1_0 
    where
        u1_0.username=?
2026-07-14T19:13:17.836+05:30 DEBUG 21044 --- [GameApp] [           main] com.gameapp.service.UserService          : Loaded user 'loginuser' for authentication
2026-07-14T19:13:18.189+05:30 DEBUG 21044 --- [GameApp] [           main] o.s.s.a.dao.DaoAuthenticationProvider    : Authenticated user
2026-07-14T19:13:18.190+05:30 DEBUG 21044 --- [GameApp] [           main] o.s.s.core.session.SessionRegistryImpl   : Registering session 20, for principal org.springframework.security.core.userdetails.User [Username=loginuser, Password=[PROTECTED], Enabled=true, AccountNonExpired=true, CredentialsNonExpired=true, AccountNonLocked=true, Granted Authorities=[ROLE_USER]]
2026-07-14T19:13:18.191+05:30 DEBUG 21044 --- [GameApp] [           main] w.c.HttpSessionSecurityContextRepository : Stored SecurityContextImpl [Authentication=UsernamePasswordAuthenticationToken [Principal=org.springframework.security.core.userdetails.User [Username=loginuser, Password=[PROTECTED], Enabled=true, AccountNonExpired=true, CredentialsNonExpired=true, AccountNonLocked=true, Granted Authorities=[ROLE_USER]], Credentials=[PROTECTED], Authenticated=true, Details=WebAuthenticationDetails [RemoteIpAddress=127.0.0.1, SessionId=null], Granted Authorities=[ROLE_USER]]] to HttpSession [org.springframework.mock.web.MockHttpSession@7d37107a]
2026-07-14T19:13:18.191+05:30 DEBUG 21044 --- [GameApp] [           main] w.a.UsernamePasswordAuthenticationFilter : Set SecurityContextHolder to UsernamePasswordAuthenticationToken [Principal=org.springframework.security.core.userdetails.User [Username=loginuser, Password=[PROTECTED], Enabled=true, AccountNonExpired=true, CredentialsNonExpired=true, AccountNonLocked=true, Granted Authorities=[ROLE_USER]], Credentials=[PROTECTED], Authenticated=true, Details=WebAuthenticationDetails [RemoteIpAddress=127.0.0.1, SessionId=null], Granted Authorities=[ROLE_USER]]
2026-07-14T19:13:18.192+05:30 DEBUG 21044 --- [GameApp] [           main] o.s.s.web.DefaultRedirectStrategy        : Redirecting to /dashboard
]]></system-out>
  </testcase>
  <testcase name="integrationTest_Login_WrongPassword_RedirectsWithError" classname="com.gameapp.integration.GameAppIntegrationTest" time="0.703">
    <system-out><![CDATA[Hibernate: 
    select
        u1_0.id,
        u1_0.created_at,
        u1_0.email,
        u1_0.first_name,
        u1_0.last_login,
        u1_0.last_name,
        u1_0.password,
        u1_0.username 
    from
        users u1_0
Hibernate: 
    delete 
    from
        users 
    where
        id=?
Hibernate: 
    select
        u1_0.id 
    from
        users u1_0 
    where
        u1_0.username=? 
    fetch
        first ? rows only
Hibernate: 
    select
        u1_0.id 
    from
        users u1_0 
    where
        u1_0.email=? 
    fetch
        first ? rows only
Hibernate: 
    insert 
    into
        users
        (created_at, email, first_name, last_login, last_name, password, username, id) 
    values
        (?, ?, ?, ?, ?, ?, ?, default)
2026-07-14T19:13:18.571+05:30  INFO 21044 --- [GameApp] [           main] com.gameapp.service.UserService          : Registered new user 'wrongpwuser'
2026-07-14T19:13:18.573+05:30 DEBUG 21044 --- [GameApp] [           main] o.s.security.web.FilterChainProxy        : Securing POST /login
Hibernate: 
    select
        u1_0.id,
        u1_0.created_at,
        u1_0.email,
        u1_0.first_name,
        u1_0.last_login,
        u1_0.last_name,
        u1_0.password,
        u1_0.username 
    from
        users u1_0 
    where
        u1_0.username=?
2026-07-14T19:13:18.576+05:30 DEBUG 21044 --- [GameApp] [           main] com.gameapp.service.UserService          : Loaded user 'wrongpwuser' for authentication
2026-07-14T19:13:18.895+05:30 DEBUG 21044 --- [GameApp] [           main] o.s.s.a.dao.DaoAuthenticationProvider    : Failed to authenticate since password does not match stored value
2026-07-14T19:13:18.897+05:30 DEBUG 21044 --- [GameApp] [           main] o.s.s.authentication.ProviderManager     : Authentication failed with provider DaoAuthenticationProvider since Bad credentials
2026-07-14T19:13:18.897+05:30 DEBUG 21044 --- [GameApp] [           main] o.s.s.authentication.ProviderManager     : Denying authentication since all attempted providers failed
2026-07-14T19:13:18.898+05:30 DEBUG 21044 --- [GameApp] [           main] o.s.s.web.DefaultRedirectStrategy        : Redirecting to /login?error=true
]]></system-out>
  </testcase>
  <testcase name="integrationTest_Snake_Authenticated_Returns200" classname="com.gameapp.integration.GameAppIntegrationTest" time="0.333">
    <system-out><![CDATA[Hibernate: 
    select
        u1_0.id,
        u1_0.created_at,
        u1_0.email,
        u1_0.first_name,
        u1_0.last_login,
        u1_0.last_name,
        u1_0.password,
        u1_0.username 
    from
        users u1_0
Hibernate: 
    delete 
    from
        users 
    where
        id=?
Hibernate: 
    select
        u1_0.id 
    from
        users u1_0 
    where
        u1_0.username=? 
    fetch
        first ? rows only
Hibernate: 
    select
        u1_0.id 
    from
        users u1_0 
    where
        u1_0.email=? 
    fetch
        first ? rows only
Hibernate: 
    insert 
    into
        users
        (created_at, email, first_name, last_login, last_name, password, username, id) 
    values
        (?, ?, ?, ?, ?, ?, ?, default)
2026-07-14T19:13:19.215+05:30  INFO 21044 --- [GameApp] [           main] com.gameapp.service.UserService          : Registered new user 'snakeuser'
2026-07-14T19:13:19.218+05:30 DEBUG 21044 --- [GameApp] [           main] w.c.HttpSessionSecurityContextRepository : Created HttpSession as SecurityContext is non-default
2026-07-14T19:13:19.218+05:30 DEBUG 21044 --- [GameApp] [           main] w.c.HttpSessionSecurityContextRepository : Stored SecurityContextImpl [Authentication=UsernamePasswordAuthenticationToken [Principal=org.springframework.security.core.userdetails.User [Username=snakeuser, Password=[PROTECTED], Enabled=true, AccountNonExpired=true, CredentialsNonExpired=true, AccountNonLocked=true, Granted Authorities=[ROLE_USER]], Credentials=[PROTECTED], Authenticated=true, Details=null, Granted Authorities=[ROLE_USER]]] to HttpSession [org.springframework.mock.web.MockHttpSession@43bb19c2]
2026-07-14T19:13:19.219+05:30 DEBUG 21044 --- [GameApp] [           main] o.s.security.web.FilterChainProxy        : Securing GET /game/snake
2026-07-14T19:13:19.219+05:30 DEBUG 21044 --- [GameApp] [           main] w.c.HttpSessionSecurityContextRepository : Retrieved SecurityContextImpl [Authentication=UsernamePasswordAuthenticationToken [Principal=org.springframework.security.core.userdetails.User [Username=snakeuser, Password=[PROTECTED], Enabled=true, AccountNonExpired=true, CredentialsNonExpired=true, AccountNonLocked=true, Granted Authorities=[ROLE_USER]], Credentials=[PROTECTED], Authenticated=true, Details=null, Granted Authorities=[ROLE_USER]]]
2026-07-14T19:13:19.219+05:30 DEBUG 21044 --- [GameApp] [           main] o.s.security.web.FilterChainProxy        : Secured GET /game/snake
Hibernate: 
    select
        u1_0.id,
        u1_0.created_at,
        u1_0.email,
        u1_0.first_name,
        u1_0.last_login,
        u1_0.last_name,
        u1_0.password,
        u1_0.username 
    from
        users u1_0 
    where
        u1_0.username=?
]]></system-out>
  </testcase>
  <testcase name="integrationTest_Dashboard_RequiresAuth" classname="com.gameapp.integration.GameAppIntegrationTest" time="0.021">
    <system-out><![CDATA[Hibernate: 
    select
        u1_0.id,
        u1_0.created_at,
        u1_0.email,
        u1_0.first_name,
        u1_0.last_login,
        u1_0.last_name,
        u1_0.password,
        u1_0.username 
    from
        users u1_0
Hibernate: 
    delete 
    from
        users 
    where
        id=?
2026-07-14T19:13:19.253+05:30 DEBUG 21044 --- [GameApp] [           main] o.s.security.web.FilterChainProxy        : Securing GET /dashboard
2026-07-14T19:13:19.254+05:30 DEBUG 21044 --- [GameApp] [           main] o.s.s.w.a.AnonymousAuthenticationFilter  : Set SecurityContextHolder to anonymous SecurityContext
2026-07-14T19:13:19.257+05:30 DEBUG 21044 --- [GameApp] [           main] o.s.s.w.s.HttpSessionRequestCache        : Saved request http://localhost/dashboard?continue to session
2026-07-14T19:13:19.257+05:30 DEBUG 21044 --- [GameApp] [           main] o.s.s.web.DefaultRedirectStrategy        : Redirecting to http://localhost/login
]]></system-out>
  </testcase>
  <testcase name="integrationTest_Login_UnknownUser_RedirectsWithError" classname="com.gameapp.integration.GameAppIntegrationTest" time="0.279">
    <system-out><![CDATA[Hibernate: 
    select
        u1_0.id,
        u1_0.created_at,
        u1_0.email,
        u1_0.first_name,
        u1_0.last_login,
        u1_0.last_name,
        u1_0.password,
        u1_0.username 
    from
        users u1_0
2026-07-14T19:13:19.270+05:30 DEBUG 21044 --- [GameApp] [           main] o.s.security.web.FilterChainProxy        : Securing POST /login
Hibernate: 
    select
        u1_0.id,
        u1_0.created_at,
        u1_0.email,
        u1_0.first_name,
        u1_0.last_login,
        u1_0.last_name,
        u1_0.password,
        u1_0.username 
    from
        users u1_0 
    where
        u1_0.username=?
2026-07-14T19:13:19.540+05:30 DEBUG 21044 --- [GameApp] [           main] o.s.s.a.dao.DaoAuthenticationProvider    : Failed to find user 'ghostuser'
2026-07-14T19:13:19.540+05:30 DEBUG 21044 --- [GameApp] [           main] o.s.s.authentication.ProviderManager     : Authentication failed with provider DaoAuthenticationProvider since Bad credentials
2026-07-14T19:13:19.540+05:30 DEBUG 21044 --- [GameApp] [           main] o.s.s.authentication.ProviderManager     : Denying authentication since all attempted providers failed
2026-07-14T19:13:19.540+05:30 DEBUG 21044 --- [GameApp] [           main] o.s.s.web.DefaultRedirectStrategy        : Redirecting to /login?error=true
]]></system-out>
  </testcase>
  <testcase name="integrationTest_LoginPage_PubliclyAccessible" classname="com.gameapp.integration.GameAppIntegrationTest" time="0.012">
    <system-out><![CDATA[Hibernate: 
    select
        u1_0.id,
        u1_0.created_at,
        u1_0.email,
        u1_0.first_name,
        u1_0.last_login,
        u1_0.last_name,
        u1_0.password,
        u1_0.username 
    from
        users u1_0
2026-07-14T19:13:19.547+05:30 DEBUG 21044 --- [GameApp] [           main] o.s.security.web.FilterChainProxy        : Securing GET /login
2026-07-14T19:13:19.548+05:30 DEBUG 21044 --- [GameApp] [           main] o.s.s.w.a.AnonymousAuthenticationFilter  : Set SecurityContextHolder to anonymous SecurityContext
2026-07-14T19:13:19.548+05:30 DEBUG 21044 --- [GameApp] [           main] o.s.security.web.FilterChainProxy        : Secured GET /login
]]></system-out>
  </testcase>
  <testcase name="integrationTest_Calculator_Authenticated_Returns200" classname="com.gameapp.integration.GameAppIntegrationTest" time="0.312">
    <system-out><![CDATA[Hibernate: 
    select
        u1_0.id,
        u1_0.created_at,
        u1_0.email,
        u1_0.first_name,
        u1_0.last_login,
        u1_0.last_name,
        u1_0.password,
        u1_0.username 
    from
        users u1_0
Hibernate: 
    select
        u1_0.id 
    from
        users u1_0 
    where
        u1_0.username=? 
    fetch
        first ? rows only
Hibernate: 
    select
        u1_0.id 
    from
        users u1_0 
    where
        u1_0.email=? 
    fetch
        first ? rows only
Hibernate: 
    insert 
    into
        users
        (created_at, email, first_name, last_login, last_name, password, username, id) 
    values
        (?, ?, ?, ?, ?, ?, ?, default)
2026-07-14T19:13:19.859+05:30  INFO 21044 --- [GameApp] [           main] com.gameapp.service.UserService          : Registered new user 'calcuser'
2026-07-14T19:13:19.860+05:30 DEBUG 21044 --- [GameApp] [           main] w.c.HttpSessionSecurityContextRepository : Created HttpSession as SecurityContext is non-default
2026-07-14T19:13:19.860+05:30 DEBUG 21044 --- [GameApp] [           main] w.c.HttpSessionSecurityContextRepository : Stored SecurityContextImpl [Authentication=UsernamePasswordAuthenticationToken [Principal=org.springframework.security.core.userdetails.User [Username=calcuser, Password=[PROTECTED], Enabled=true, AccountNonExpired=true, CredentialsNonExpired=true, AccountNonLocked=true, Granted Authorities=[ROLE_USER]], Credentials=[PROTECTED], Authenticated=true, Details=null, Granted Authorities=[ROLE_USER]]] to HttpSession [org.springframework.mock.web.MockHttpSession@5c2007db]
2026-07-14T19:13:19.861+05:30 DEBUG 21044 --- [GameApp] [           main] o.s.security.web.FilterChainProxy        : Securing GET /calculator
2026-07-14T19:13:19.861+05:30 DEBUG 21044 --- [GameApp] [           main] w.c.HttpSessionSecurityContextRepository : Retrieved SecurityContextImpl [Authentication=UsernamePasswordAuthenticationToken [Principal=org.springframework.security.core.userdetails.User [Username=calcuser, Password=[PROTECTED], Enabled=true, AccountNonExpired=true, CredentialsNonExpired=true, AccountNonLocked=true, Granted Authorities=[ROLE_USER]], Credentials=[PROTECTED], Authenticated=true, Details=null, Granted Authorities=[ROLE_USER]]]
2026-07-14T19:13:19.861+05:30 DEBUG 21044 --- [GameApp] [           main] o.s.security.web.FilterChainProxy        : Secured GET /calculator
Hibernate: 
    select
        u1_0.id,
        u1_0.created_at,
        u1_0.email,
        u1_0.first_name,
        u1_0.last_login,
        u1_0.last_name,
        u1_0.password,
        u1_0.username 
    from
        users u1_0 
    where
        u1_0.username=?
]]></system-out>
  </testcase>
  <testcase name="integrationTest_Dashboard_Authenticated_Returns200" classname="com.gameapp.integration.GameAppIntegrationTest" time="0.297">
    <system-out><![CDATA[Hibernate: 
    select
        u1_0.id,
        u1_0.created_at,
        u1_0.email,
        u1_0.first_name,
        u1_0.last_login,
        u1_0.last_name,
        u1_0.password,
        u1_0.username 
    from
        users u1_0
Hibernate: 
    delete 
    from
        users 
    where
        id=?
Hibernate: 
    select
        u1_0.id 
    from
        users u1_0 
    where
        u1_0.username=? 
    fetch
        first ? rows only
Hibernate: 
    select
        u1_0.id 
    from
        users u1_0 
    where
        u1_0.email=? 
    fetch
        first ? rows only
Hibernate: 
    insert 
    into
        users
        (created_at, email, first_name, last_login, last_name, password, username, id) 
    values
        (?, ?, ?, ?, ?, ?, ?, default)
2026-07-14T19:13:20.148+05:30  INFO 21044 --- [GameApp] [           main] com.gameapp.service.UserService          : Registered new user 'dashuser'
2026-07-14T19:13:20.150+05:30 DEBUG 21044 --- [GameApp] [           main] w.c.HttpSessionSecurityContextRepository : Created HttpSession as SecurityContext is non-default
2026-07-14T19:13:20.150+05:30 DEBUG 21044 --- [GameApp] [           main] w.c.HttpSessionSecurityContextRepository : Stored SecurityContextImpl [Authentication=UsernamePasswordAuthenticationToken [Principal=org.springframework.security.core.userdetails.User [Username=dashuser, Password=[PROTECTED], Enabled=true, AccountNonExpired=true, CredentialsNonExpired=true, AccountNonLocked=true, Granted Authorities=[ROLE_USER]], Credentials=[PROTECTED], Authenticated=true, Details=null, Granted Authorities=[ROLE_USER]]] to HttpSession [org.springframework.mock.web.MockHttpSession@207ea2bc]
2026-07-14T19:13:20.151+05:30 DEBUG 21044 --- [GameApp] [           main] o.s.security.web.FilterChainProxy        : Securing GET /dashboard
2026-07-14T19:13:20.151+05:30 DEBUG 21044 --- [GameApp] [           main] w.c.HttpSessionSecurityContextRepository : Retrieved SecurityContextImpl [Authentication=UsernamePasswordAuthenticationToken [Principal=org.springframework.security.core.userdetails.User [Username=dashuser, Password=[PROTECTED], Enabled=true, AccountNonExpired=true, CredentialsNonExpired=true, AccountNonLocked=true, Granted Authorities=[ROLE_USER]], Credentials=[PROTECTED], Authenticated=true, Details=null, Granted Authorities=[ROLE_USER]]]
2026-07-14T19:13:20.151+05:30 DEBUG 21044 --- [GameApp] [           main] o.s.security.web.FilterChainProxy        : Secured GET /dashboard
Hibernate: 
    select
        u1_0.id,
        u1_0.created_at,
        u1_0.email,
        u1_0.first_name,
        u1_0.last_login,
        u1_0.last_name,
        u1_0.password,
        u1_0.username 
    from
        users u1_0 
    where
        u1_0.username=?
Hibernate: 
    select
        count(*) 
    from
        users u1_0
]]></system-out>
  </testcase>
  <testcase name="integrationTest_Calculator_RequiresAuth" classname="com.gameapp.integration.GameAppIntegrationTest" time="0.01">
    <system-out><![CDATA[Hibernate: 
    select
        u1_0.id,
        u1_0.created_at,
        u1_0.email,
        u1_0.first_name,
        u1_0.last_login,
        u1_0.last_name,
        u1_0.password,
        u1_0.username 
    from
        users u1_0
Hibernate: 
    delete 
    from
        users 
    where
        id=?
2026-07-14T19:13:20.176+05:30 DEBUG 21044 --- [GameApp] [           main] o.s.security.web.FilterChainProxy        : Securing GET /calculator
2026-07-14T19:13:20.177+05:30 DEBUG 21044 --- [GameApp] [           main] o.s.s.w.a.AnonymousAuthenticationFilter  : Set SecurityContextHolder to anonymous SecurityContext
2026-07-14T19:13:20.177+05:30 DEBUG 21044 --- [GameApp] [           main] o.s.s.w.s.HttpSessionRequestCache        : Saved request http://localhost/calculator?continue to session
2026-07-14T19:13:20.177+05:30 DEBUG 21044 --- [GameApp] [           main] o.s.s.web.DefaultRedirectStrategy        : Redirecting to http://localhost/login
]]></system-out>
  </testcase>
  <testcase name="integrationTest_Snake_RequiresAuth" classname="com.gameapp.integration.GameAppIntegrationTest" time="0.006">
    <system-out><![CDATA[Hibernate: 
    select
        u1_0.id,
        u1_0.created_at,
        u1_0.email,
        u1_0.first_name,
        u1_0.last_login,
        u1_0.last_name,
        u1_0.password,
        u1_0.username 
    from
        users u1_0
2026-07-14T19:13:20.184+05:30 DEBUG 21044 --- [GameApp] [           main] o.s.security.web.FilterChainProxy        : Securing GET /game/snake
2026-07-14T19:13:20.184+05:30 DEBUG 21044 --- [GameApp] [           main] o.s.s.w.a.AnonymousAuthenticationFilter  : Set SecurityContextHolder to anonymous SecurityContext
2026-07-14T19:13:20.184+05:30 DEBUG 21044 --- [GameApp] [           main] o.s.s.w.s.HttpSessionRequestCache        : Saved request http://localhost/game/snake?continue to session
2026-07-14T19:13:20.184+05:30 DEBUG 21044 --- [GameApp] [           main] o.s.s.web.DefaultRedirectStrategy        : Redirecting to http://localhost/login
]]></system-out>
  </testcase>
  <testcase name="integrationTest_Register_DuplicateUsername_NoSave" classname="com.gameapp.integration.GameAppIntegrationTest" time="0.287">
    <system-out><![CDATA[Hibernate: 
    select
        u1_0.id,
        u1_0.created_at,
        u1_0.email,
        u1_0.first_name,
        u1_0.last_login,
        u1_0.last_name,
        u1_0.password,
        u1_0.username 
    from
        users u1_0
Hibernate: 
    select
        u1_0.id 
    from
        users u1_0 
    where
        u1_0.username=? 
    fetch
        first ? rows only
Hibernate: 
    select
        u1_0.id 
    from
        users u1_0 
    where
        u1_0.email=? 
    fetch
        first ? rows only
Hibernate: 
    insert 
    into
        users
        (created_at, email, first_name, last_login, last_name, password, username, id) 
    values
        (?, ?, ?, ?, ?, ?, ?, default)
2026-07-14T19:13:20.462+05:30  INFO 21044 --- [GameApp] [           main] com.gameapp.service.UserService          : Registered new user 'existing'
Hibernate: 
    select
        count(*) 
    from
        users u1_0
2026-07-14T19:13:20.464+05:30 DEBUG 21044 --- [GameApp] [           main] o.s.security.web.FilterChainProxy        : Securing POST /register
2026-07-14T19:13:20.464+05:30 DEBUG 21044 --- [GameApp] [           main] o.s.s.w.a.AnonymousAuthenticationFilter  : Set SecurityContextHolder to anonymous SecurityContext
2026-07-14T19:13:20.464+05:30 DEBUG 21044 --- [GameApp] [           main] o.s.security.web.FilterChainProxy        : Secured POST /register
Hibernate: 
    select
        u1_0.id 
    from
        users u1_0 
    where
        u1_0.username=? 
    fetch
        first ? rows only
Hibernate: 
    select
        count(*) 
    from
        users u1_0
]]></system-out>
  </testcase>
  <testcase name="integrationTest_Logout_Redirects" classname="com.gameapp.integration.GameAppIntegrationTest" time="0.036">
    <system-out><![CDATA[Hibernate: 
    select
        u1_0.id,
        u1_0.created_at,
        u1_0.email,
        u1_0.first_name,
        u1_0.last_login,
        u1_0.last_name,
        u1_0.password,
        u1_0.username 
    from
        users u1_0
Hibernate: 
    delete 
    from
        users 
    where
        id=?
2026-07-14T19:13:20.482+05:30 DEBUG 21044 --- [GameApp] [           main] w.c.HttpSessionSecurityContextRepository : Created HttpSession as SecurityContext is non-default
2026-07-14T19:13:20.482+05:30 DEBUG 21044 --- [GameApp] [           main] w.c.HttpSessionSecurityContextRepository : Stored SecurityContextImpl [Authentication=UsernamePasswordAuthenticationToken [Principal=org.springframework.security.core.userdetails.User [Username=someuser, Password=[PROTECTED], Enabled=true, AccountNonExpired=true, CredentialsNonExpired=true, AccountNonLocked=true, Granted Authorities=[ROLE_USER]], Credentials=[PROTECTED], Authenticated=true, Details=null, Granted Authorities=[ROLE_USER]]] to HttpSession [org.springframework.mock.web.MockHttpSession@1c848f3f]
2026-07-14T19:13:20.482+05:30 DEBUG 21044 --- [GameApp] [           main] o.s.security.web.FilterChainProxy        : Securing POST /logout
2026-07-14T19:13:20.482+05:30 DEBUG 21044 --- [GameApp] [           main] w.c.HttpSessionSecurityContextRepository : Retrieved SecurityContextImpl [Authentication=UsernamePasswordAuthenticationToken [Principal=org.springframework.security.core.userdetails.User [Username=someuser, Password=[PROTECTED], Enabled=true, AccountNonExpired=true, CredentialsNonExpired=true, AccountNonLocked=true, Granted Authorities=[ROLE_USER]], Credentials=[PROTECTED], Authenticated=true, Details=null, Granted Authorities=[ROLE_USER]]]
2026-07-14T19:13:20.483+05:30 DEBUG 21044 --- [GameApp] [           main] o.s.s.w.a.logout.LogoutFilter            : Logging out [UsernamePasswordAuthenticationToken [Principal=org.springframework.security.core.userdetails.User [Username=someuser, Password=[PROTECTED], Enabled=true, AccountNonExpired=true, CredentialsNonExpired=true, AccountNonLocked=true, Granted Authorities=[ROLE_USER]], Credentials=[PROTECTED], Authenticated=true, Details=null, Granted Authorities=[ROLE_USER]]]
2026-07-14T19:13:20.501+05:30 DEBUG 21044 --- [GameApp] [           main] o.s.s.w.a.l.SecurityContextLogoutHandler : Invalidated session 30
2026-07-14T19:13:20.502+05:30 DEBUG 21044 --- [GameApp] [           main] o.s.s.web.DefaultRedirectStrategy        : Redirecting to /login?logout=true
]]></system-out>
  </testcase>
  <testcase name="integrationTest_RegisterPage_PubliclyAccessible" classname="com.gameapp.integration.GameAppIntegrationTest" time="0.012">
    <system-out><![CDATA[Hibernate: 
    select
        u1_0.id,
        u1_0.created_at,
        u1_0.email,
        u1_0.first_name,
        u1_0.last_login,
        u1_0.last_name,
        u1_0.password,
        u1_0.username 
    from
        users u1_0
2026-07-14T19:13:20.518+05:30 DEBUG 21044 --- [GameApp] [           main] o.s.security.web.FilterChainProxy        : Securing GET /register
2026-07-14T19:13:20.518+05:30 DEBUG 21044 --- [GameApp] [           main] o.s.s.w.a.AnonymousAuthenticationFilter  : Set SecurityContextHolder to anonymous SecurityContext
2026-07-14T19:13:20.518+05:30 DEBUG 21044 --- [GameApp] [           main] o.s.security.web.FilterChainProxy        : Secured GET /register
]]></system-out>
  </testcase>
  <testcase name="integrationTest_Register_BlankUsername_ReturnsError" classname="com.gameapp.integration.GameAppIntegrationTest" time="0.023">
    <system-out><![CDATA[Hibernate: 
    select
        u1_0.id,
        u1_0.created_at,
        u1_0.email,
        u1_0.first_name,
        u1_0.last_login,
        u1_0.last_name,
        u1_0.password,
        u1_0.username 
    from
        users u1_0
2026-07-14T19:13:20.531+05:30 DEBUG 21044 --- [GameApp] [           main] o.s.security.web.FilterChainProxy        : Securing POST /register
2026-07-14T19:13:20.531+05:30 DEBUG 21044 --- [GameApp] [           main] o.s.s.w.a.AnonymousAuthenticationFilter  : Set SecurityContextHolder to anonymous SecurityContext
2026-07-14T19:13:20.531+05:30 DEBUG 21044 --- [GameApp] [           main] o.s.security.web.FilterChainProxy        : Secured POST /register
Hibernate: 
    select
        count(*) 
    from
        users u1_0
]]></system-out>
  </testcase>
  <testcase name="integrationTest_Register_SavesUserAndRedirects" classname="com.gameapp.integration.GameAppIntegrationTest" time="0.553">
    <system-out><![CDATA[Hibernate: 
    select
        u1_0.id,
        u1_0.created_at,
        u1_0.email,
        u1_0.first_name,
        u1_0.last_login,
        u1_0.last_name,
        u1_0.password,
        u1_0.username 
    from
        users u1_0
2026-07-14T19:13:20.556+05:30 DEBUG 21044 --- [GameApp] [           main] o.s.security.web.FilterChainProxy        : Securing POST /register
2026-07-14T19:13:20.557+05:30 DEBUG 21044 --- [GameApp] [           main] o.s.s.w.a.AnonymousAuthenticationFilter  : Set SecurityContextHolder to anonymous SecurityContext
2026-07-14T19:13:20.558+05:30 DEBUG 21044 --- [GameApp] [           main] o.s.security.web.FilterChainProxy        : Secured POST /register
Hibernate: 
    select
        u1_0.id 
    from
        users u1_0 
    where
        u1_0.username=? 
    fetch
        first ? rows only
Hibernate: 
    select
        u1_0.id 
    from
        users u1_0 
    where
        u1_0.email=? 
    fetch
        first ? rows only
Hibernate: 
    insert 
    into
        users
        (created_at, email, first_name, last_login, last_name, password, username, id) 
    values
        (?, ?, ?, ?, ?, ?, ?, default)
2026-07-14T19:13:20.836+05:30  INFO 21044 --- [GameApp] [           main] com.gameapp.service.UserService          : Registered new user 'integuser'
Hibernate: 
    select
        u1_0.id 
    from
        users u1_0 
    where
        u1_0.username=? 
    fetch
        first ? rows only
Hibernate: 
    select
        u1_0.id,
        u1_0.created_at,
        u1_0.email,
        u1_0.first_name,
        u1_0.last_login,
        u1_0.last_name,
        u1_0.password,
        u1_0.username 
    from
        users u1_0 
    where
        u1_0.username=?
]]></system-out>
  </testcase>
</testsuite>